2026-07-16T10:40:53.725Z  INFO 1 --- [main] com.structurizr.server.Local             : ***********************************************************************************
2026-07-16T10:40:53.727Z  INFO 1 --- [main] com.structurizr.server.Local             :   _____ _                   _              _          
2026-07-16T10:40:53.727Z  INFO 1 --- [main] com.structurizr.server.Local             :  / ____| |                 | |            (_)         
2026-07-16T10:40:53.727Z  INFO 1 --- [main] com.structurizr.server.Local             : | (___ | |_ _ __ _   _  ___| |_ _   _ _ __ _ _____ __ 
2026-07-16T10:40:53.727Z  INFO 1 --- [main] com.structurizr.server.Local             :  \___ \| __| '__| | | |/ __| __| | | | '__| |_  / '__|
2026-07-16T10:40:53.727Z  INFO 1 --- [main] com.structurizr.server.Local             :  ____) | |_| |  | |_| | (__| |_| |_| | |  | |/ /| |   
2026-07-16T10:40:53.728Z  INFO 1 --- [main] com.structurizr.server.Local             : |_____/ \__|_|   \__,_|\___|\__|\__,_|_|  |_/___|_|   
2026-07-16T10:40:53.728Z  INFO 1 --- [main] com.structurizr.server.Local             :                                                       
2026-07-16T10:40:53.728Z  INFO 1 --- [main] com.structurizr.server.Local             : Local v2026.06.28
2026-07-16T10:40:53.728Z  INFO 1 --- [main] com.structurizr.server.Local             : ***********************************************************************************
2026-07-16T10:40:53.729Z  INFO 1 --- [main] com.structurizr.server.Local             :  - structurizr.authentication: none
2026-07-16T10:40:53.729Z  INFO 1 --- [main] com.structurizr.server.Local             :  - structurizr.autorefreshinterval: 0
2026-07-16T10:40:53.729Z  INFO 1 --- [main] com.structurizr.server.Local             :  - structurizr.autosaveinterval: 5000
2026-07-16T10:40:53.729Z  INFO 1 --- [main] com.structurizr.server.Local             :  - structurizr.cache: none
2026-07-16T10:40:53.729Z  INFO 1 --- [main] com.structurizr.server.Local             :  - structurizr.data: file
2026-07-16T10:40:53.729Z  INFO 1 --- [main] com.structurizr.server.Local             :  - structurizr.datadirectory: /usr/local/structurizr
2026-07-16T10:40:53.730Z  INFO 1 --- [main] com.structurizr.server.Local             :  - structurizr.debug: false
2026-07-16T10:40:53.730Z  INFO 1 --- [main] com.structurizr.server.Local             :  - structurizr.editable: true
2026-07-16T10:40:53.730Z  INFO 1 --- [main] com.structurizr.server.Local             :  - structurizr.logging.filename: /usr/local/structurizr/.structurizr/logs/structurizr.log
2026-07-16T10:40:53.730Z  INFO 1 --- [main] com.structurizr.server.Local             :  - structurizr.network.timeout: 60000
2026-07-16T10:40:53.730Z  INFO 1 --- [main] com.structurizr.server.Local             :  - structurizr.network.urls.allowed: .*
2026-07-16T10:40:53.730Z  INFO 1 --- [main] com.structurizr.server.Local             :  - structurizr.search: lucene
2026-07-16T10:40:53.731Z  INFO 1 --- [main] com.structurizr.server.Local             :  - structurizr.themes: /usr/local/structurizr/themes/
2026-07-16T10:40:53.731Z  INFO 1 --- [main] com.structurizr.server.Local             :  - structurizr.workspace.maxsize: 1MB
2026-07-16T10:40:53.731Z  INFO 1 --- [main] com.structurizr.server.Local             :  - structurizr.workspace.threads: 10
2026-07-16T10:40:53.731Z  INFO 1 --- [main] com.structurizr.server.Local             :  - structurizr.workspaces: 1
2026-07-16T10:40:53.731Z  INFO 1 --- [main] com.structurizr.server.Local             : ***********************************************************************************
2026-07-16T10:40:53.731Z  INFO 1 --- [main] com.structurizr.server.Local             : Themes:
2026-07-16T10:40:53.731Z  INFO 1 --- [main] com.structurizr.server.Local             : ***********************************************************************************
2026-07-16T10:40:59.070Z  WARN 1 --- [pool-4-thread-1] c.s.server.web.search.SearchIndexer      : Error indexing workspace with ID 1

com.structurizr.server.component.workspace.WorkspaceComponentException: com.structurizr.dsl.StructurizrDslParserException: Components can't be added to a dynamic view when the scope is a software system at line 64 of /usr/local/structurizr/workspace.dsl: researcher -> workflowUi "Uploads CSV"
	at com.structurizr.server.component.workspace.LocalFileSystemWorkspaceAdapter.loadWorkspace(LocalFileSystemWorkspaceAdapter.java:70) ~[!/:2026.06.28]
	at com.structurizr.server.component.workspace.LocalFileSystemWorkspaceAdapter.getWorkspace(LocalFileSystemWorkspaceAdapter.java:151) ~[!/:2026.06.28]
	at com.structurizr.server.component.workspace.WorkspaceComponentImpl.getWorkspace(WorkspaceComponentImpl.java:206) ~[!/:2026.06.28]
	at com.structurizr.server.web.search.SearchIndexer.lambda$rebuildSearchIndex$0(SearchIndexer.java:52) ~[!/:2026.06.28]
	at java.base/java.util.concurrent.Executors$RunnableAdapter.call(Unknown Source) ~[na:na]
	at java.base/java.util.concurrent.FutureTask.run(Unknown Source) ~[na:na]
	at java.base/java.util.concurrent.ThreadPoolExecutor.runWorker(Unknown Source) ~[na:na]
	at java.base/java.util.concurrent.ThreadPoolExecutor$Worker.run(Unknown Source) ~[na:na]
	at java.base/java.lang.Thread.run(Unknown Source) ~[na:na]
Caused by: com.structurizr.dsl.StructurizrDslParserException: Components can't be added to a dynamic view when the scope is a software system at line 64 of /usr/local/structurizr/workspace.dsl: researcher -> workflowUi "Uploads CSV"
	at com.structurizr.dsl.StructurizrDslParser.parse(StructurizrDslParser.java:1369) ~[structurizr-dsl-6.2.2.jar!/:6.2.2]
	at com.structurizr.dsl.StructurizrDslParser.parse(StructurizrDslParser.java:188) ~[structurizr-dsl-6.2.2.jar!/:6.2.2]
	at com.structurizr.server.component.workspace.LocalFileSystemWorkspaceAdapter.loadWorkspaceFromDsl(LocalFileSystemWorkspaceAdapter.java:113) ~[!/:2026.06.28]
	at com.structurizr.server.component.workspace.LocalFileSystemWorkspaceAdapter.loadWorkspace(LocalFileSystemWorkspaceAdapter.java:68) ~[!/:2026.06.28]
	... 8 common frames omitted

2026-07-16T10:41:05.029Z ERROR 1 --- [http-nio-8080-exec-9] c.s.s.w.a.AbstractWorkspaceApiController : com.structurizr.server.component.workspace.WorkspaceComponentException: com.structurizr.dsl.StructurizrDslParserException: Components can't be added to a dynamic view when the scope is a software system at line 64 of /usr/local/structurizr/workspace.dsl: researcher -> workflowUi "Uploads CSV"
2026-07-16T10:42:06.197Z  INFO 1 --- [SpringApplicationShutdownHook] com.structurizr.server.AbstractServer    : ********************************************************
2026-07-16T10:42:06.197Z  INFO 1 --- [SpringApplicationShutdownHook] com.structurizr.server.AbstractServer    :  Stopping Structurizr
2026-07-16T10:42:06.198Z  INFO 1 --- [SpringApplicationShutdownHook] com.structurizr.server.AbstractServer    : ********************************************************
2026-07-16T10:42:26.523Z  INFO 1 --- [main] com.structurizr.server.Local             : ***********************************************************************************
2026-07-16T10:42:26.525Z  INFO 1 --- [main] com.structurizr.server.Local             :   _____ _                   _              _          
2026-07-16T10:42:26.525Z  INFO 1 --- [main] com.structurizr.server.Local             :  / ____| |                 | |            (_)         
2026-07-16T10:42:26.525Z  INFO 1 --- [main] com.structurizr.server.Local             : | (___ | |_ _ __ _   _  ___| |_ _   _ _ __ _ _____ __ 
2026-07-16T10:42:26.525Z  INFO 1 --- [main] com.structurizr.server.Local             :  \___ \| __| '__| | | |/ __| __| | | | '__| |_  / '__|
2026-07-16T10:42:26.525Z  INFO 1 --- [main] com.structurizr.server.Local             :  ____) | |_| |  | |_| | (__| |_| |_| | |  | |/ /| |   
2026-07-16T10:42:26.525Z  INFO 1 --- [main] com.structurizr.server.Local             : |_____/ \__|_|   \__,_|\___|\__|\__,_|_|  |_/___|_|   
2026-07-16T10:42:26.525Z  INFO 1 --- [main] com.structurizr.server.Local             :                                                       
2026-07-16T10:42:26.526Z  INFO 1 --- [main] com.structurizr.server.Local             : Local v2026.06.28
2026-07-16T10:42:26.526Z  INFO 1 --- [main] com.structurizr.server.Local             : ***********************************************************************************
2026-07-16T10:42:26.526Z  INFO 1 --- [main] com.structurizr.server.Local             :  - structurizr.authentication: none
2026-07-16T10:42:26.527Z  INFO 1 --- [main] com.structurizr.server.Local             :  - structurizr.autorefreshinterval: 0
2026-07-16T10:42:26.527Z  INFO 1 --- [main] com.structurizr.server.Local             :  - structurizr.autosaveinterval: 5000
2026-07-16T10:42:26.527Z  INFO 1 --- [main] com.structurizr.server.Local             :  - structurizr.cache: none
2026-07-16T10:42:26.527Z  INFO 1 --- [main] com.structurizr.server.Local             :  - structurizr.data: file
2026-07-16T10:42:26.527Z  INFO 1 --- [main] com.structurizr.server.Local             :  - structurizr.datadirectory: /usr/local/structurizr
2026-07-16T10:42:26.528Z  INFO 1 --- [main] com.structurizr.server.Local             :  - structurizr.debug: false
2026-07-16T10:42:26.528Z  INFO 1 --- [main] com.structurizr.server.Local             :  - structurizr.editable: true
2026-07-16T10:42:26.528Z  INFO 1 --- [main] com.structurizr.server.Local             :  - structurizr.logging.filename: /usr/local/structurizr/.structurizr/logs/structurizr.log
2026-07-16T10:42:26.528Z  INFO 1 --- [main] com.structurizr.server.Local             :  - structurizr.network.timeout: 60000
2026-07-16T10:42:26.528Z  INFO 1 --- [main] com.structurizr.server.Local             :  - structurizr.network.urls.allowed: .*
2026-07-16T10:42:26.528Z  INFO 1 --- [main] com.structurizr.server.Local             :  - structurizr.search: lucene
2026-07-16T10:42:26.528Z  INFO 1 --- [main] com.structurizr.server.Local             :  - structurizr.themes: /usr/local/structurizr/themes/
2026-07-16T10:42:26.528Z  INFO 1 --- [main] com.structurizr.server.Local             :  - structurizr.workspace.maxsize: 1MB
2026-07-16T10:42:26.529Z  INFO 1 --- [main] com.structurizr.server.Local             :  - structurizr.workspace.threads: 10
2026-07-16T10:42:26.529Z  INFO 1 --- [main] com.structurizr.server.Local             :  - structurizr.workspaces: 1
2026-07-16T10:42:26.529Z  INFO 1 --- [main] com.structurizr.server.Local             : ***********************************************************************************
2026-07-16T10:42:26.529Z  INFO 1 --- [main] com.structurizr.server.Local             : Themes:
2026-07-16T10:42:26.529Z  INFO 1 --- [main] com.structurizr.server.Local             : ***********************************************************************************
2026-07-16T10:42:31.828Z  WARN 1 --- [pool-4-thread-1] c.s.server.web.search.SearchIndexer      : Error indexing workspace with ID 1

com.structurizr.server.component.workspace.WorkspaceComponentException: com.structurizr.dsl.StructurizrDslParserException: A relationship between Researcher and Workflow UI does not exist in model at line 64 of /usr/local/structurizr/workspace.dsl: researcher -> workflowUi "Uploads CSV"
	at com.structurizr.server.component.workspace.LocalFileSystemWorkspaceAdapter.loadWorkspace(LocalFileSystemWorkspaceAdapter.java:70) ~[!/:2026.06.28]
	at com.structurizr.server.component.workspace.LocalFileSystemWorkspaceAdapter.getWorkspace(LocalFileSystemWorkspaceAdapter.java:151) ~[!/:2026.06.28]
	at com.structurizr.server.component.workspace.WorkspaceComponentImpl.getWorkspace(WorkspaceComponentImpl.java:206) ~[!/:2026.06.28]
	at com.structurizr.server.web.search.SearchIndexer.lambda$rebuildSearchIndex$0(SearchIndexer.java:52) ~[!/:2026.06.28]
	at java.base/java.util.concurrent.Executors$RunnableAdapter.call(Unknown Source) ~[na:na]
	at java.base/java.util.concurrent.FutureTask.run(Unknown Source) ~[na:na]
	at java.base/java.util.concurrent.ThreadPoolExecutor.runWorker(Unknown Source) ~[na:na]
	at java.base/java.util.concurrent.ThreadPoolExecutor$Worker.run(Unknown Source) ~[na:na]
	at java.base/java.lang.Thread.run(Unknown Source) ~[na:na]
Caused by: com.structurizr.dsl.StructurizrDslParserException: A relationship between Researcher and Workflow UI does not exist in model at line 64 of /usr/local/structurizr/workspace.dsl: researcher -> workflowUi "Uploads CSV"
	at com.structurizr.dsl.StructurizrDslParser.parse(StructurizrDslParser.java:1369) ~[structurizr-dsl-6.2.2.jar!/:6.2.2]
	at com.structurizr.dsl.StructurizrDslParser.parse(StructurizrDslParser.java:188) ~[structurizr-dsl-6.2.2.jar!/:6.2.2]
	at com.structurizr.server.component.workspace.LocalFileSystemWorkspaceAdapter.loadWorkspaceFromDsl(LocalFileSystemWorkspaceAdapter.java:113) ~[!/:2026.06.28]
	at com.structurizr.server.component.workspace.LocalFileSystemWorkspaceAdapter.loadWorkspace(LocalFileSystemWorkspaceAdapter.java:68) ~[!/:2026.06.28]
	... 8 common frames omitted

2026-07-16T10:42:51.267Z  INFO 1 --- [SpringApplicationShutdownHook] com.structurizr.server.AbstractServer    : ********************************************************
2026-07-16T10:42:51.268Z  INFO 1 --- [SpringApplicationShutdownHook] com.structurizr.server.AbstractServer    :  Stopping Structurizr
2026-07-16T10:42:51.268Z  INFO 1 --- [SpringApplicationShutdownHook] com.structurizr.server.AbstractServer    : ********************************************************
2026-07-16T10:42:52.280Z  INFO 1 --- [main] com.structurizr.server.Local             : ***********************************************************************************
2026-07-16T10:42:52.282Z  INFO 1 --- [main] com.structurizr.server.Local             :   _____ _                   _              _          
2026-07-16T10:42:52.282Z  INFO 1 --- [main] com.structurizr.server.Local             :  / ____| |                 | |            (_)         
2026-07-16T10:42:52.282Z  INFO 1 --- [main] com.structurizr.server.Local             : | (___ | |_ _ __ _   _  ___| |_ _   _ _ __ _ _____ __ 
2026-07-16T10:42:52.282Z  INFO 1 --- [main] com.structurizr.server.Local             :  \___ \| __| '__| | | |/ __| __| | | | '__| |_  / '__|
2026-07-16T10:42:52.282Z  INFO 1 --- [main] com.structurizr.server.Local             :  ____) | |_| |  | |_| | (__| |_| |_| | |  | |/ /| |   
2026-07-16T10:42:52.282Z  INFO 1 --- [main] com.structurizr.server.Local             : |_____/ \__|_|   \__,_|\___|\__|\__,_|_|  |_/___|_|   
2026-07-16T10:42:52.283Z  INFO 1 --- [main] com.structurizr.server.Local             :                                                       
2026-07-16T10:42:52.283Z  INFO 1 --- [main] com.structurizr.server.Local             : Local v2026.06.28
2026-07-16T10:42:52.283Z  INFO 1 --- [main] com.structurizr.server.Local             : ***********************************************************************************
2026-07-16T10:42:52.284Z  INFO 1 --- [main] com.structurizr.server.Local             :  - structurizr.authentication: none
2026-07-16T10:42:52.284Z  INFO 1 --- [main] com.structurizr.server.Local             :  - structurizr.autorefreshinterval: 0
2026-07-16T10:42:52.284Z  INFO 1 --- [main] com.structurizr.server.Local             :  - structurizr.autosaveinterval: 5000
2026-07-16T10:42:52.284Z  INFO 1 --- [main] com.structurizr.server.Local             :  - structurizr.cache: none
2026-07-16T10:42:52.284Z  INFO 1 --- [main] com.structurizr.server.Local             :  - structurizr.data: file
2026-07-16T10:42:52.284Z  INFO 1 --- [main] com.structurizr.server.Local             :  - structurizr.datadirectory: /usr/local/structurizr
2026-07-16T10:42:52.285Z  INFO 1 --- [main] com.structurizr.server.Local             :  - structurizr.debug: false
2026-07-16T10:42:52.285Z  INFO 1 --- [main] com.structurizr.server.Local             :  - structurizr.editable: true
2026-07-16T10:42:52.285Z  INFO 1 --- [main] com.structurizr.server.Local             :  - structurizr.logging.filename: /usr/local/structurizr/.structurizr/logs/structurizr.log
2026-07-16T10:42:52.285Z  INFO 1 --- [main] com.structurizr.server.Local             :  - structurizr.network.timeout: 60000
2026-07-16T10:42:52.285Z  INFO 1 --- [main] com.structurizr.server.Local             :  - structurizr.network.urls.allowed: .*
2026-07-16T10:42:52.285Z  INFO 1 --- [main] com.structurizr.server.Local             :  - structurizr.search: lucene
2026-07-16T10:42:52.286Z  INFO 1 --- [main] com.structurizr.server.Local             :  - structurizr.themes: /usr/local/structurizr/themes/
2026-07-16T10:42:52.286Z  INFO 1 --- [main] com.structurizr.server.Local             :  - structurizr.workspace.maxsize: 1MB
2026-07-16T10:42:52.286Z  INFO 1 --- [main] com.structurizr.server.Local             :  - structurizr.workspace.threads: 10
2026-07-16T10:42:52.286Z  INFO 1 --- [main] com.structurizr.server.Local             :  - structurizr.workspaces: 1
2026-07-16T10:42:52.286Z  INFO 1 --- [main] com.structurizr.server.Local             : ***********************************************************************************
2026-07-16T10:42:52.286Z  INFO 1 --- [main] com.structurizr.server.Local             : Themes:
2026-07-16T10:42:52.286Z  INFO 1 --- [main] com.structurizr.server.Local             : ***********************************************************************************
2026-07-16T10:42:57.638Z  WARN 1 --- [pool-4-thread-1] c.s.server.web.search.SearchIndexer      : Error indexing workspace with ID 1

com.structurizr.server.component.workspace.WorkspaceComponentException: com.structurizr.dsl.StructurizrDslParserException: The environment "LocalDeployment" does not exist at line 80 of /usr/local/structurizr/workspace.dsl: deployment gaussianExplorer "LocalDeployment" {
	at com.structurizr.server.component.workspace.LocalFileSystemWorkspaceAdapter.loadWorkspace(LocalFileSystemWorkspaceAdapter.java:70) ~[!/:2026.06.28]
	at com.structurizr.server.component.workspace.LocalFileSystemWorkspaceAdapter.getWorkspace(LocalFileSystemWorkspaceAdapter.java:151) ~[!/:2026.06.28]
	at com.structurizr.server.component.workspace.WorkspaceComponentImpl.getWorkspace(WorkspaceComponentImpl.java:206) ~[!/:2026.06.28]
	at com.structurizr.server.web.search.SearchIndexer.lambda$rebuildSearchIndex$0(SearchIndexer.java:52) ~[!/:2026.06.28]
	at java.base/java.util.concurrent.Executors$RunnableAdapter.call(Unknown Source) ~[na:na]
	at java.base/java.util.concurrent.FutureTask.run(Unknown Source) ~[na:na]
	at java.base/java.util.concurrent.ThreadPoolExecutor.runWorker(Unknown Source) ~[na:na]
	at java.base/java.util.concurrent.ThreadPoolExecutor$Worker.run(Unknown Source) ~[na:na]
	at java.base/java.lang.Thread.run(Unknown Source) ~[na:na]
Caused by: com.structurizr.dsl.StructurizrDslParserException: The environment "LocalDeployment" does not exist at line 80 of /usr/local/structurizr/workspace.dsl: deployment gaussianExplorer "LocalDeployment" {
	at com.structurizr.dsl.StructurizrDslParser.parse(StructurizrDslParser.java:1369) ~[structurizr-dsl-6.2.2.jar!/:6.2.2]
	at com.structurizr.dsl.StructurizrDslParser.parse(StructurizrDslParser.java:188) ~[structurizr-dsl-6.2.2.jar!/:6.2.2]
	at com.structurizr.server.component.workspace.LocalFileSystemWorkspaceAdapter.loadWorkspaceFromDsl(LocalFileSystemWorkspaceAdapter.java:113) ~[!/:2026.06.28]
	at com.structurizr.server.component.workspace.LocalFileSystemWorkspaceAdapter.loadWorkspace(LocalFileSystemWorkspaceAdapter.java:68) ~[!/:2026.06.28]
	... 8 common frames omitted

2026-07-16T10:43:31.636Z  INFO 1 --- [SpringApplicationShutdownHook] com.structurizr.server.AbstractServer    : ********************************************************
2026-07-16T10:43:31.637Z  INFO 1 --- [SpringApplicationShutdownHook] com.structurizr.server.AbstractServer    :  Stopping Structurizr
2026-07-16T10:43:31.637Z  INFO 1 --- [SpringApplicationShutdownHook] com.structurizr.server.AbstractServer    : ********************************************************
2026-07-16T10:43:32.703Z  INFO 1 --- [main] com.structurizr.server.Local             : ***********************************************************************************
2026-07-16T10:43:32.705Z  INFO 1 --- [main] com.structurizr.server.Local             :   _____ _                   _              _          
2026-07-16T10:43:32.705Z  INFO 1 --- [main] com.structurizr.server.Local             :  / ____| |                 | |            (_)         
2026-07-16T10:43:32.705Z  INFO 1 --- [main] com.structurizr.server.Local             : | (___ | |_ _ __ _   _  ___| |_ _   _ _ __ _ _____ __ 
2026-07-16T10:43:32.705Z  INFO 1 --- [main] com.structurizr.server.Local             :  \___ \| __| '__| | | |/ __| __| | | | '__| |_  / '__|
2026-07-16T10:43:32.706Z  INFO 1 --- [main] com.structurizr.server.Local             :  ____) | |_| |  | |_| | (__| |_| |_| | |  | |/ /| |   
2026-07-16T10:43:32.706Z  INFO 1 --- [main] com.structurizr.server.Local             : |_____/ \__|_|   \__,_|\___|\__|\__,_|_|  |_/___|_|   
2026-07-16T10:43:32.706Z  INFO 1 --- [main] com.structurizr.server.Local             :                                                       
2026-07-16T10:43:32.706Z  INFO 1 --- [main] com.structurizr.server.Local             : Local v2026.06.28
2026-07-16T10:43:32.706Z  INFO 1 --- [main] com.structurizr.server.Local             : ***********************************************************************************
2026-07-16T10:43:32.707Z  INFO 1 --- [main] com.structurizr.server.Local             :  - structurizr.authentication: none
2026-07-16T10:43:32.707Z  INFO 1 --- [main] com.structurizr.server.Local             :  - structurizr.autorefreshinterval: 0
2026-07-16T10:43:32.707Z  INFO 1 --- [main] com.structurizr.server.Local             :  - structurizr.autosaveinterval: 5000
2026-07-16T10:43:32.707Z  INFO 1 --- [main] com.structurizr.server.Local             :  - structurizr.cache: none
2026-07-16T10:43:32.707Z  INFO 1 --- [main] com.structurizr.server.Local             :  - structurizr.data: file
2026-07-16T10:43:32.708Z  INFO 1 --- [main] com.structurizr.server.Local             :  - structurizr.datadirectory: /usr/local/structurizr
2026-07-16T10:43:32.708Z  INFO 1 --- [main] com.structurizr.server.Local             :  - structurizr.debug: false
2026-07-16T10:43:32.708Z  INFO 1 --- [main] com.structurizr.server.Local             :  - structurizr.editable: true
2026-07-16T10:43:32.708Z  INFO 1 --- [main] com.structurizr.server.Local             :  - structurizr.logging.filename: /usr/local/structurizr/.structurizr/logs/structurizr.log
2026-07-16T10:43:32.708Z  INFO 1 --- [main] com.structurizr.server.Local             :  - structurizr.network.timeout: 60000
2026-07-16T10:43:32.708Z  INFO 1 --- [main] com.structurizr.server.Local             :  - structurizr.network.urls.allowed: .*
2026-07-16T10:43:32.708Z  INFO 1 --- [main] com.structurizr.server.Local             :  - structurizr.search: lucene
2026-07-16T10:43:32.708Z  INFO 1 --- [main] com.structurizr.server.Local             :  - structurizr.themes: /usr/local/structurizr/themes/
2026-07-16T10:43:32.708Z  INFO 1 --- [main] com.structurizr.server.Local             :  - structurizr.workspace.maxsize: 1MB
2026-07-16T10:43:32.709Z  INFO 1 --- [main] com.structurizr.server.Local             :  - structurizr.workspace.threads: 10
2026-07-16T10:43:32.709Z  INFO 1 --- [main] com.structurizr.server.Local             :  - structurizr.workspaces: 1
2026-07-16T10:43:32.709Z  INFO 1 --- [main] com.structurizr.server.Local             : ***********************************************************************************
2026-07-16T10:43:32.709Z  INFO 1 --- [main] com.structurizr.server.Local             : Themes:
2026-07-16T10:43:32.709Z  INFO 1 --- [main] com.structurizr.server.Local             : ***********************************************************************************
2026-07-16T11:26:34.596Z  INFO 1 --- [SpringApplicationShutdownHook] com.structurizr.server.AbstractServer    : ********************************************************
2026-07-16T11:26:34.596Z  INFO 1 --- [SpringApplicationShutdownHook] com.structurizr.server.AbstractServer    :  Stopping Structurizr
2026-07-16T11:26:34.596Z  INFO 1 --- [SpringApplicationShutdownHook] com.structurizr.server.AbstractServer    : ********************************************************
